{
  "RSpec": {
    "coverage": {
      "/Users/nongdenchet/Ruby on Rails/Project/coffee_recipes/app/controllers/recipes_controller.rb": [
        1,
        1,
        null,
        null,
        1,
        null,
        null,
        1,
        null,
        null,
        1,
        null,
        null,
        1,
        null,
        null
      ],
      "/Users/nongdenchet/Ruby on Rails/Project/coffee_recipes/app/controllers/application_controller.rb": [
        1,
        1,
        null,
        1,
        1,
        null,
        1,
        17,
        17,
        11,
        11,
        null,
        null,
        null,
        1,
        1,
        17,
        17,
        null,
        null,
        1,
        17,
        null,
        null,
        1,
        17,
        null,
        null,
        1,
        17,
        34,
        null,
        null,
        null
      ],
      "/Users/nongdenchet/.rvm/gems/ruby-2.2.2/bundler/gems/devise_token_auth-123cfb730eba/app/controllers/devise_token_auth/concerns/set_user_by_token.rb": [
        1,
        1,
        1,
        null,
        1,
        1,
        1,
        null,
        null,
        1,
        null,
        null,
        1,
        17,
        17,
        null,
        null,
        null,
        1,
        null,
        23,
        null,
        null,
        23,
        null,
        null,
        23,
        23,
        23,
        null,
        null,
        23,
        23,
        23,
        null,
        null,
        23,
        null,
        null,
        23,
        0,
        0,
        0,
        0,
        0,
        null,
        null,
        null,
        null,
        23,
        null,
        null,
        23,
        12,
        12,
        null,
        null,
        11,
        null,
        null,
        11,
        null,
        11,
        null,
        11,
        11,
        null,
        0,
        null,
        11,
        null,
        null,
        0,
        0,
        null,
        null,
        null,
        null,
        1,
        null,
        0,
        null,
        null,
        0,
        null,
        0,
        null,
        null,
        0,
        null,
        0,
        null,
        null,
        0,
        null,
        null,
        null,
        null,
        null,
        0,
        null,
        null,
        0,
        null,
        null,
        null,
        0,
        null,
        0,
        null,
        null,
        null,
        0,
        0,
        null,
        null,
        null,
        0,
        null,
        null,
        0,
        null,
        null,
        null,
        null,
        null,
        null,
        null,
        null,
        1,
        23,
        23,
        null,
        0,
        null,
        null,
        23,
        null,
        null,
        null,
        1,
        null,
        null,
        1,
        null,
        0,
        null,
        null,
        null,
        null
      ],
      "/Users/nongdenchet/Ruby on Rails/Project/coffee_recipes/spec/controllers/recipes/destroy_spec.rb": [
        1,
        null,
        1,
        4,
        2,
        3,
        null,
        1,
        1,
        1,
        1,
        1,
        null,
        null,
        1,
        1,
        1,
        null,
        null,
        1,
        1,
        1,
        1,
        null,
        null,
        1,
        1,
        1,
        1,
        null,
        null,
        null
      ],
      "/Users/nongdenchet/Ruby on Rails/Project/coffee_recipes/spec/controllers/recipes/index_spec.rb": [
        1,
        null,
        1,
        3,
        1,
        null,
        1,
        1,
        4,
        1,
        1,
        1,
        null,
        null,
        1,
        1,
        1,
        1,
        null,
        null,
        1,
        1,
        1,
        null,
        null,
        null
      ],
      "/Users/nongdenchet/Ruby on Rails/Project/coffee_recipes/spec/controllers/recipes/show_spec.rb": [
        1,
        null,
        1,
        2,
        2,
        null,
        1,
        1,
        1,
        1,
        1,
        1,
        null,
        null,
        1,
        1,
        1,
        null,
        null,
        null
      ],
      "/Users/nongdenchet/Ruby on Rails/Project/coffee_recipes/spec/controllers/recipes/update_spec.rb": [
        1,
        null,
        1,
        6,
        2,
        5,
        5,
        null,
        1,
        1,
        1,
        1,
        1,
        1,
        null,
        null,
        1,
        1,
        1,
        1,
        null,
        null,
        1,
        1,
        1,
        null,
        null,
        1,
        1,
        1,
        1,
        null,
        null,
        1,
        1,
        1,
        1,
        null,
        null,
        null
      ],
      "/Users/nongdenchet/Ruby on Rails/Project/coffee_recipes/spec/models/direction_spec.rb": [
        null,
        null,
        null,
        null,
        null,
        null,
        null,
        null,
        null,
        null,
        null,
        1,
        null,
        1,
        1,
        2,
        null,
        null,
        1,
        2,
        2,
        null,
        null
      ],
      "/Users/nongdenchet/Ruby on Rails/Project/coffee_recipes/app/models/direction.rb": [
        null,
        null,
        null,
        null,
        null,
        null,
        null,
        null,
        null,
        null,
        null,
        1,
        1,
        null
      ],
      "/Users/nongdenchet/Ruby on Rails/Project/coffee_recipes/app/models/application_record.rb": [
        1,
        1,
        null
      ],
      "/Users/nongdenchet/Ruby on Rails/Project/coffee_recipes/spec/models/ingredient_spec.rb": [
        null,
        null,
        null,
        null,
        null,
        null,
        null,
        null,
        null,
        null,
        null,
        1,
        null,
        1,
        1,
        2,
        null,
        null,
        1,
        2,
        2,
        null,
        null
      ],
      "/Users/nongdenchet/Ruby on Rails/Project/coffee_recipes/app/models/ingredient.rb": [
        null,
        null,
        null,
        null,
        null,
        null,
        null,
        null,
        null,
        null,
        null,
        1,
        1,
        null
      ],
      "/Users/nongdenchet/Ruby on Rails/Project/coffee_recipes/spec/models/recipe_spec.rb": [
        null,
        null,
        null,
        null,
        null,
        null,
        null,
        null,
        null,
        null,
        null,
        null,
        null,
        null,
        null,
        null,
        1,
        null,
        1,
        1,
        2,
        2,
        null,
        null,
        1,
        2,
        2,
        2,
        2,
        2,
        2,
        null,
        null
      ],
      "/Users/nongdenchet/Ruby on Rails/Project/coffee_recipes/app/models/recipe.rb": [
        null,
        null,
        null,
        null,
        null,
        null,
        null,
        null,
        null,
        null,
        null,
        null,
        null,
        null,
        null,
        null,
        1,
        1,
        null,
        1,
        1,
        1,
        null
      ],
      "/Users/nongdenchet/Ruby on Rails/Project/coffee_recipes/app/uploaders/image_uploader.rb": [
        1,
        null,
        null,
        null,
        null,
        null,
        null,
        1,
        null,
        null,
        null,
        null,
        1,
        19,
        null,
        null,
        null,
        null,
        null,
        null,
        null,
        null,
        null,
        null,
        null,
        null,
        null,
        null,
        null,
        null,
        null,
        null,
        null,
        null,
        null,
        null,
        null,
        null,
        null,
        null,
        null,
        null,
        null,
        null,
        null,
        null,
        null,
        null,
        null
      ],
      "/Users/nongdenchet/Ruby on Rails/Project/coffee_recipes/spec/models/user_spec.rb": [
        null,
        null,
        null,
        null,
        null,
        null,
        null,
        null,
        null,
        null,
        null,
        null,
        null,
        null,
        null,
        null,
        null,
        null,
        null,
        null,
        null,
        null,
        null,
        null,
        null,
        null,
        null,
        null,
        null,
        1,
        null,
        1,
        2,
        null
      ],
      "/Users/nongdenchet/Ruby on Rails/Project/coffee_recipes/spec/validators/recipe_validator_spec.rb": [
        1,
        null,
        1,
        2,
        2,
        2,
        2,
        2,
        2,
        null
      ],
      "/Users/nongdenchet/Ruby on Rails/Project/coffee_recipes/app/validators/recipe_validator.rb": [
        1,
        1,
        null,
        1,
        1,
        1,
        1,
        1,
        1,
        null
      ],
      "/Users/nongdenchet/Ruby on Rails/Project/coffee_recipes/app/validators/validator.rb": [
        1,
        1,
        null,
        1,
        4,
        null,
        null
      ],
      "/Users/nongdenchet/.rvm/gems/ruby-2.2.2/gems/devise-4.2.0/app/mailers/devise/mailer.rb": [
        1,
        1,
        1,
        null,
        1,
        15,
        15,
        null,
        null,
        1,
        0,
        0,
        null,
        null,
        1,
        0,
        0,
        null,
        null,
        1,
        0,
        null,
        null,
        null
      ],
      "/Users/nongdenchet/Ruby on Rails/Project/coffee_recipes/app/utils/string_utils.rb": [
        1,
        1,
        5,
        5,
        5,
        5,
        5,
        5,
        5,
        null,
        null,
        1,
        34,
        null,
        null
      ],
      "/Users/nongdenchet/Ruby on Rails/Project/coffee_recipes/app/services/recipes/create.rb": [
        1,
        1,
        1,
        null,
        1,
        2,
        1,
        1,
        null,
        null,
        1,
        1,
        2,
        null,
        null,
        1,
        3,
        null,
        null,
        null
      ],
      "/Users/nongdenchet/Ruby on Rails/Project/coffee_recipes/app/services/service.rb": [
        1,
        1,
        1,
        null,
        1,
        null,
        1,
        17,
        17,
        null,
        null,
        1,
        17,
        17,
        13,
        11,
        3,
        null,
        null,
        null,
        1,
        1,
        1,
        null,
        1,
        2,
        null,
        null,
        1,
        4,
        null,
        null,
        null,
        1,
        0,
        null,
        null
      ],
      "/Users/nongdenchet/Ruby on Rails/Project/coffee_recipes/app/services/support/authen.rb": [
        1,
        1,
        1,
        17,
        null,
        null,
        1,
        17,
        4,
        null,
        null,
        null,
        null
      ],
      "/Users/nongdenchet/Ruby on Rails/Project/coffee_recipes/app/services/support/policy.rb": [
        1,
        1,
        1,
        10,
        null,
        null,
        1,
        0,
        0,
        null,
        null,
        null,
        1,
        5,
        5,
        null,
        null,
        null,
        1,
        0,
        0,
        null,
        null,
        1,
        5,
        5,
        null,
        null,
        null
      ],
      "/Users/nongdenchet/Ruby on Rails/Project/coffee_recipes/app/services/recipes/params.rb": [
        1,
        1,
        1,
        6,
        null,
        null,
        null,
        null,
        null,
        null,
        null,
        null,
        null,
        null
      ],
      "/Users/nongdenchet/Ruby on Rails/Project/coffee_recipes/app/serializers/recipes/short_serializer.rb": [
        1,
        1,
        1,
        null,
        null
      ],
      "/Users/nongdenchet/Ruby on Rails/Project/coffee_recipes/app/errors/validate_error.rb": [
        1,
        1,
        null,
        1,
        2,
        null,
        null,
        1,
        2,
        null,
        null
      ],
      "/Users/nongdenchet/Ruby on Rails/Project/coffee_recipes/app/errors/unauthorized.rb": [
        1,
        1,
        4,
        null,
        null,
        1,
        4,
        null,
        null,
        1,
        4,
        null,
        null
      ],
      "/Users/nongdenchet/Ruby on Rails/Project/coffee_recipes/app/errors/base_error.rb": [
        1,
        1,
        null,
        1,
        0,
        null,
        null,
        1,
        0,
        null,
        null,
        1,
        9,
        null,
        null
      ],
      "/Users/nongdenchet/Ruby on Rails/Project/coffee_recipes/app/services/recipes/destroy.rb": [
        1,
        1,
        1,
        1,
        null,
        1,
        3,
        2,
        1,
        1,
        null,
        null,
        null
      ],
      "/Users/nongdenchet/Ruby on Rails/Project/coffee_recipes/app/policy/recipe_policy.rb": [
        1,
        1,
        2,
        null,
        null,
        1,
        3,
        null,
        null,
        1,
        1,
        5,
        null,
        null
      ],
      "/Users/nongdenchet/Ruby on Rails/Project/coffee_recipes/app/errors/record_not_found.rb": [
        1,
        1,
        3,
        null,
        null,
        1,
        3,
        null,
        null,
        1,
        3,
        null,
        null
      ],
      "/Users/nongdenchet/Ruby on Rails/Project/coffee_recipes/app/errors/permission_denied.rb": [
        1,
        1,
        2,
        null,
        null,
        1,
        2,
        null,
        null,
        1,
        2,
        null,
        null
      ],
      "/Users/nongdenchet/Ruby on Rails/Project/coffee_recipes/app/services/recipes/index.rb": [
        1,
        1,
        1,
        null,
        1,
        2,
        5,
        null,
        null,
        1,
        1,
        3,
        null,
        null,
        null
      ],
      "/Users/nongdenchet/Ruby on Rails/Project/coffee_recipes/app/services/recipes/show.rb": [
        1,
        1,
        1,
        2,
        1,
        null,
        null,
        null
      ],
      "/Users/nongdenchet/Ruby on Rails/Project/coffee_recipes/app/serializers/recipes/detail_serializer.rb": [
        1,
        1,
        1,
        null,
        1,
        null,
        null
      ],
      "/Users/nongdenchet/Ruby on Rails/Project/coffee_recipes/app/serializers/users/short_serializer.rb": [
        1,
        1,
        1,
        null,
        null
      ],
      "/Users/nongdenchet/Ruby on Rails/Project/coffee_recipes/app/services/recipes/update.rb": [
        1,
        1,
        1,
        1,
        null,
        1,
        4,
        3,
        2,
        1,
        1,
        null,
        null,
        1,
        1,
        2,
        null,
        null,
        1,
        3,
        null,
        null,
        null
      ],
      "/Users/nongdenchet/Ruby on Rails/Project/coffee_recipes/app/channels/application_cable/channel.rb": [
        0,
        0,
        0,
        0
      ],
      "/Users/nongdenchet/Ruby on Rails/Project/coffee_recipes/app/channels/application_cable/connection.rb": [
        0,
        0,
        0,
        0
      ],
      "/Users/nongdenchet/Ruby on Rails/Project/coffee_recipes/app/controllers/home_controller.rb": [
        0,
        0,
        0,
        0,
        0
      ],
      "/Users/nongdenchet/Ruby on Rails/Project/coffee_recipes/app/helpers/application_helper.rb": [
        0,
        0
      ],
      "/Users/nongdenchet/Ruby on Rails/Project/coffee_recipes/app/jobs/application_job.rb": [
        0,
        0
      ],
      "/Users/nongdenchet/Ruby on Rails/Project/coffee_recipes/app/mailers/application_mailer.rb": [
        0,
        0,
        0,
        0
      ],
      "/Users/nongdenchet/Ruby on Rails/Project/coffee_recipes/app/models/user.rb": [
        0,
        0,
        0,
        0,
        0,
        0,
        0,
        0,
        0,
        0,
        0,
        0,
        0,
        0,
        0,
        0,
        0,
        0,
        0,
        0,
        0,
        0,
        0,
        0,
        0,
        0,
        0,
        0,
        0,
        0,
        0,
        0,
        0,
        0,
        0,
        0,
        0
      ]
    },
    "timestamp": 1479579211
  }
}
